<?xml version="1.0" encoding="UTF-8"?>
<!-- Generated by org.testng.reporters.JUnitXMLReporter -->
<testsuite hostname="computer-PC" ignored="0" name="Bing Test" tests="1" failures="1" timestamp="15 Sep 2022 03:53:38 GMT" time="31.379" errors="0">
  <testcase name="validateBing" time="31.292" classname="a1_sampleTest.BingTest">
    <failure type="java.io.FileNotFoundException" message="D:\eclips workspace\E1_Git\screenshot\bing.png (The system cannot find the path specified)">
      <![CDATA[java.io.FileNotFoundException: D:\eclips workspace\E1_Git\screenshot\bing.png (The system cannot find the path specified)
at java.io.FileOutputStream.open0(Native Method)
at java.io.FileOutputStream.open(Unknown Source)
at java.io.FileOutputStream.<init>(Unknown Source)
at java.io.FileOutputStream.<init>(Unknown Source)
at org.openqa.selenium.io.FileHandler.copyFile(FileHandler.java:138)
at org.openqa.selenium.io.FileHandler.copy(FileHandler.java:117)
at a1_sampleTest.BingTest.validateBing(BingTest.java:27)
... Removed 26 stack frames]]>
    </failure>
  </testcase> <!-- validateBing -->
</testsuite> <!-- Bing Test -->
